{"/Users/jonas/Desktop/OpenArabicApp/App.js": {"path":"/Users/jonas/Desktop/OpenArabicApp/App.js","statementMap":{"0":{"start":{"line":9,"column":12},"end":{"line":9,"column":46}},"1":{"start":{"line":12,"column":2},"end":{"line":43,"column":4}},"2":{"start":{"line":22,"column":16},"end":{"line":22,"column":78}},"3":{"start":{"line":32,"column":16},"end":{"line":36,"column":18}}},"fnMap":{"0":{"name":"App","decl":{"start":{"line":11,"column":24},"end":{"line":11,"column":27}},"loc":{"start":{"line":11,"column":30},"end":{"line":44,"column":1}},"line":11},"1":{"name":"(anonymous_1)","decl":{"start":{"line":21,"column":26},"end":{"line":21,"column":27}},"loc":{"start":{"line":22,"column":16},"end":{"line":22,"column":78}},"line":22},"2":{"name":"(anonymous_2)","decl":{"start":{"line":31,"column":26},"end":{"line":31,"column":27}},"loc":{"start":{"line":32,"column":16},"end":{"line":36,"column":18}},"line":32}},"branchMap":{},"s":{"0":1,"1":1,"2":0,"3":0},"f":{"0":1,"1":0,"2":0},"b":{},"_coverageSchema":"1a1c01bbd47fc00a2c39e90264f33305004495a9","hash":"f7cb41051628738e18e8ec57ce85c0e4b5aa3e57"}
,"/Users/jonas/Desktop/OpenArabicApp/screens/Settings/Settings.js": {"path":"/Users/jonas/Desktop/OpenArabicApp/screens/Settings/Settings.js","statementMap":{"0":{"start":{"line":6,"column":17},"end":{"line":6,"column":25}},"1":{"start":{"line":7,"column":2},"end":{"line":13,"column":4}}},"fnMap":{"0":{"name":"Settings","decl":{"start":{"line":5,"column":24},"end":{"line":5,"column":32}},"loc":{"start":{"line":5,"column":35},"end":{"line":14,"column":1}},"line":5}},"branchMap":{},"s":{"0":1,"1":1},"f":{"0":1},"b":{},"_coverageSchema":"1a1c01bbd47fc00a2c39e90264f33305004495a9","hash":"0ec3d255a1d324045a97f47c3c97ed81b29cc4bb"}
,"/Users/jonas/Desktop/OpenArabicApp/screens/Texts/TextNavigator.js": {"path":"/Users/jonas/Desktop/OpenArabicApp/screens/Texts/TextNavigator.js","statementMap":{"0":{"start":{"line":7,"column":14},"end":{"line":7,"column":42}},"1":{"start":{"line":10,"column":2},"end":{"line":25,"column":4}}},"fnMap":{"0":{"name":"TextNavigator","decl":{"start":{"line":9,"column":24},"end":{"line":9,"column":37}},"loc":{"start":{"line":9,"column":40},"end":{"line":26,"column":1}},"line":9}},"branchMap":{},"s":{"0":2,"1":1},"f":{"0":1},"b":{},"_coverageSchema":"1a1c01bbd47fc00a2c39e90264f33305004495a9","hash":"b0fefbe5d9bfb7f20c1cd29737a7bef1bdd0824c"}
,"/Users/jonas/Desktop/OpenArabicApp/screens/Texts/Text/TextArabic.js": {"path":"/Users/jonas/Desktop/OpenArabicApp/screens/Texts/Text/TextArabic.js","statementMap":{"0":{"start":{"line":9,"column":17},"end":{"line":9,"column":25}},"1":{"start":{"line":11,"column":2},"end":{"line":17,"column":4}}},"fnMap":{"0":{"name":"TextArabic","decl":{"start":{"line":8,"column":24},"end":{"line":8,"column":34}},"loc":{"start":{"line":8,"column":37},"end":{"line":18,"column":1}},"line":8}},"branchMap":{},"s":{"0":1,"1":1},"f":{"0":1},"b":{},"_coverageSchema":"1a1c01bbd47fc00a2c39e90264f33305004495a9","hash":"16549ac7b1212c13440e0e5920bb39260aa0af4c"}
,"/Users/jonas/Desktop/OpenArabicApp/screens/Texts/Text/TextBilingual.js": {"path":"/Users/jonas/Desktop/OpenArabicApp/screens/Texts/Text/TextBilingual.js","statementMap":{"0":{"start":{"line":17,"column":16},"end":{"line":23,"column":4}},"1":{"start":{"line":24,"column":21},"end":{"line":24,"column":33}},"2":{"start":{"line":25,"column":26},"end":{"line":25,"column":40}},"3":{"start":{"line":27,"column":2},"end":{"line":33,"column":16}},"4":{"start":{"line":29,"column":26},"end":{"line":29,"column":51}},"5":{"start":{"line":30,"column":6},"end":{"line":30,"column":27}},"6":{"start":{"line":32,"column":4},"end":{"line":32,"column":16}},"7":{"start":{"line":35,"column":2},"end":{"line":43,"column":3}},"8":{"start":{"line":36,"column":4},"end":{"line":42,"column":6}},"9":{"start":{"line":44,"column":2},"end":{"line":51,"column":4}},"10":{"start":{"line":54,"column":0},"end":{"line":56,"column":2}}},"fnMap":{"0":{"name":"TextBilingual","decl":{"start":{"line":16,"column":24},"end":{"line":16,"column":37}},"loc":{"start":{"line":16,"column":49},"end":{"line":52,"column":1}},"line":16},"1":{"name":"(anonymous_1)","decl":{"start":{"line":27,"column":12},"end":{"line":27,"column":13}},"loc":{"start":{"line":27,"column":18},"end":{"line":33,"column":3}},"line":27},"2":{"name":"fetchData","decl":{"start":{"line":28,"column":19},"end":{"line":28,"column":28}},"loc":{"start":{"line":28,"column":31},"end":{"line":31,"column":5}},"line":28}},"branchMap":{"0":{"loc":{"start":{"line":35,"column":2},"end":{"line":43,"column":3}},"type":"if","locations":[{"start":{"line":35,"column":2},"end":{"line":43,"column":3}},{"start":{"line":35,"column":2},"end":{"line":43,"column":3}}],"line":35}},"s":{"0":0,"1":0,"2":0,"3":0,"4":0,"5":0,"6":0,"7":0,"8":0,"9":0,"10":2},"f":{"0":0,"1":0,"2":0},"b":{"0":[0,0]},"_coverageSchema":"1a1c01bbd47fc00a2c39e90264f33305004495a9","hash":"9ef43d0cc284527fb9838765b2bda0d782c2f391"}
,"/Users/jonas/Desktop/OpenArabicApp/screens/Texts/Text/TextEnglish.js": {"path":"/Users/jonas/Desktop/OpenArabicApp/screens/Texts/Text/TextEnglish.js","statementMap":{"0":{"start":{"line":9,"column":17},"end":{"line":9,"column":25}},"1":{"start":{"line":10,"column":2},"end":{"line":16,"column":4}}},"fnMap":{"0":{"name":"TextEnglish","decl":{"start":{"line":8,"column":24},"end":{"line":8,"column":35}},"loc":{"start":{"line":8,"column":38},"end":{"line":17,"column":1}},"line":8}},"branchMap":{},"s":{"0":1,"1":1},"f":{"0":1},"b":{},"_coverageSchema":"1a1c01bbd47fc00a2c39e90264f33305004495a9","hash":"e7a6f90ea7123ab49a2262776900b856da850f58"}
,"/Users/jonas/Desktop/OpenArabicApp/screens/Texts/Text/TextScreen.js": {"path":"/Users/jonas/Desktop/OpenArabicApp/screens/Texts/Text/TextScreen.js","statementMap":{"0":{"start":{"line":9,"column":14},"end":{"line":9,"column":45}},"1":{"start":{"line":11,"column":21},"end":{"line":11,"column":33}},"2":{"start":{"line":13,"column":22},"end":{"line":17,"column":3}},"3":{"start":{"line":19,"column":18},"end":{"line":26,"column":4}},"4":{"start":{"line":20,"column":4},"end":{"line":25,"column":6}},"5":{"start":{"line":28,"column":2},"end":{"line":28,"column":50}},"6":{"start":{"line":31,"column":0},"end":{"line":33,"column":2}}},"fnMap":{"0":{"name":"TextScreen","decl":{"start":{"line":8,"column":24},"end":{"line":8,"column":34}},"loc":{"start":{"line":8,"column":46},"end":{"line":29,"column":1}},"line":8},"1":{"name":"(anonymous_1)","decl":{"start":{"line":19,"column":34},"end":{"line":19,"column":35}},"loc":{"start":{"line":20,"column":4},"end":{"line":25,"column":6}},"line":20}},"branchMap":{},"s":{"0":0,"1":0,"2":0,"3":0,"4":0,"5":0,"6":2},"f":{"0":0,"1":0},"b":{},"_coverageSchema":"1a1c01bbd47fc00a2c39e90264f33305004495a9","hash":"052894bcb3d4dc42ceb96f4c8531c4718e3bc538"}
,"/Users/jonas/Desktop/OpenArabicApp/screens/Texts/TextList/TextDrawer.js": {"path":"/Users/jonas/Desktop/OpenArabicApp/screens/Texts/TextList/TextDrawer.js","statementMap":{"0":{"start":{"line":7,"column":17},"end":{"line":7,"column":40}},"1":{"start":{"line":8,"column":38},"end":{"line":10,"column":4}},"2":{"start":{"line":12,"column":24},"end":{"line":20,"column":4}},"3":{"start":{"line":13,"column":4},"end":{"line":19,"column":6}},"4":{"start":{"line":22,"column":2},"end":{"line":28,"column":22}},"5":{"start":{"line":24,"column":21},"end":{"line":24,"column":46}},"6":{"start":{"line":25,"column":6},"end":{"line":25,"column":28}},"7":{"start":{"line":27,"column":4},"end":{"line":27,"column":16}},"8":{"start":{"line":30,"column":2},"end":{"line":34,"column":4}}},"fnMap":{"0":{"name":"TextDrawer","decl":{"start":{"line":6,"column":16},"end":{"line":6,"column":26}},"loc":{"start":{"line":6,"column":29},"end":{"line":35,"column":1}},"line":6},"1":{"name":"(anonymous_1)","decl":{"start":{"line":12,"column":39},"end":{"line":12,"column":40}},"loc":{"start":{"line":13,"column":4},"end":{"line":19,"column":6}},"line":13},"2":{"name":"(anonymous_2)","decl":{"start":{"line":22,"column":12},"end":{"line":22,"column":13}},"loc":{"start":{"line":22,"column":18},"end":{"line":28,"column":3}},"line":22},"3":{"name":"fetchData","decl":{"start":{"line":23,"column":19},"end":{"line":23,"column":28}},"loc":{"start":{"line":23,"column":31},"end":{"line":26,"column":5}},"line":23}},"branchMap":{},"s":{"0":1,"1":1,"2":1,"3":1,"4":1,"5":0,"6":0,"7":0,"8":1},"f":{"0":1,"1":1,"2":0,"3":0},"b":{},"_coverageSchema":"1a1c01bbd47fc00a2c39e90264f33305004495a9","hash":"c43d138959aa7720cb5d745c1c65233e56692858"}
,"/Users/jonas/Desktop/OpenArabicApp/screens/Texts/TextList/TextListScreen.js": {"path":"/Users/jonas/Desktop/OpenArabicApp/screens/Texts/TextList/TextListScreen.js","statementMap":{"0":{"start":{"line":20,"column":23},"end":{"line":20,"column":35}},"1":{"start":{"line":21,"column":28},"end":{"line":21,"column":67}},"2":{"start":{"line":22,"column":16},"end":{"line":22,"column":23}},"3":{"start":{"line":23,"column":15},"end":{"line":23,"column":21}},"4":{"start":{"line":25,"column":16},"end":{"line":45,"column":4}},"5":{"start":{"line":47,"column":22},"end":{"line":50,"column":3}},"6":{"start":{"line":49,"column":4},"end":{"line":49,"column":58}},"7":{"start":{"line":52,"column":20},"end":{"line":86,"column":4}},"8":{"start":{"line":53,"column":4},"end":{"line":85,"column":15}},"9":{"start":{"line":57,"column":10},"end":{"line":59,"column":12}},"10":{"start":{"line":88,"column":2},"end":{"line":96,"column":17}},"11":{"start":{"line":90,"column":23},"end":{"line":90,"column":24}},"12":{"start":{"line":91,"column":25},"end":{"line":91,"column":26}},"13":{"start":{"line":92,"column":21},"end":{"line":92,"column":71}},"14":{"start":{"line":93,"column":6},"end":{"line":93,"column":23}},"15":{"start":{"line":95,"column":4},"end":{"line":95,"column":16}},"16":{"start":{"line":98,"column":2},"end":{"line":100,"column":3}},"17":{"start":{"line":99,"column":4},"end":{"line":99,"column":48}},"18":{"start":{"line":101,"column":2},"end":{"line":107,"column":4}},"19":{"start":{"line":110,"column":0},"end":{"line":113,"column":2}}},"fnMap":{"0":{"name":"TextListScreen","decl":{"start":{"line":19,"column":16},"end":{"line":19,"column":30}},"loc":{"start":{"line":19,"column":54},"end":{"line":108,"column":1}},"line":19},"1":{"name":"(anonymous_1)","decl":{"start":{"line":47,"column":22},"end":{"line":47,"column":23}},"loc":{"start":{"line":49,"column":4},"end":{"line":49,"column":58}},"line":49},"2":{"name":"(anonymous_2)","decl":{"start":{"line":52,"column":30},"end":{"line":52,"column":31}},"loc":{"start":{"line":53,"column":4},"end":{"line":85,"column":15}},"line":53},"3":{"name":"(anonymous_3)","decl":{"start":{"line":56,"column":17},"end":{"line":56,"column":18}},"loc":{"start":{"line":57,"column":10},"end":{"line":59,"column":12}},"line":57},"4":{"name":"(anonymous_4)","decl":{"start":{"line":88,"column":12},"end":{"line":88,"column":13}},"loc":{"start":{"line":88,"column":18},"end":{"line":96,"column":3}},"line":88},"5":{"name":"fetchData","decl":{"start":{"line":89,"column":19},"end":{"line":89,"column":28}},"loc":{"start":{"line":89,"column":31},"end":{"line":94,"column":5}},"line":89}},"branchMap":{"0":{"loc":{"start":{"line":98,"column":2},"end":{"line":100,"column":3}},"type":"if","locations":[{"start":{"line":98,"column":2},"end":{"line":100,"column":3}},{"start":{"line":98,"column":2},"end":{"line":100,"column":3}}],"line":98}},"s":{"0":1,"1":1,"2":1,"3":1,"4":1,"5":1,"6":0,"7":1,"8":1,"9":0,"10":1,"11":0,"12":0,"13":0,"14":0,"15":0,"16":1,"17":0,"18":1,"19":2},"f":{"0":1,"1":0,"2":1,"3":0,"4":0,"5":0},"b":{"0":[0,1]},"_coverageSchema":"1a1c01bbd47fc00a2c39e90264f33305004495a9","hash":"5f3f5bdb21e26bafdfcfbe5be58bf74fb5dbe08f"}
,"/Users/jonas/Desktop/OpenArabicApp/services/ApiService.js": {"path":"/Users/jonas/Desktop/OpenArabicApp/services/ApiService.js","statementMap":{"0":{"start":{"line":3,"column":24},"end":{"line":3,"column":56}},"1":{"start":{"line":5,"column":21},"end":{"line":5,"column":28}},"2":{"start":{"line":6,"column":25},"end":{"line":6,"column":37}},"3":{"start":{"line":8,"column":24},"end":{"line":22,"column":1}},"4":{"start":{"line":9,"column":2},"end":{"line":21,"column":3}},"5":{"start":{"line":10,"column":19},"end":{"line":16,"column":6}},"6":{"start":{"line":17,"column":4},"end":{"line":17,"column":57}},"7":{"start":{"line":18,"column":4},"end":{"line":18,"column":23}},"8":{"start":{"line":20,"column":4},"end":{"line":20,"column":17}},"9":{"start":{"line":24,"column":23},"end":{"line":32,"column":1}},"10":{"start":{"line":25,"column":2},"end":{"line":31,"column":3}},"11":{"start":{"line":26,"column":19},"end":{"line":26,"column":70}},"12":{"start":{"line":27,"column":4},"end":{"line":27,"column":63}},"13":{"start":{"line":28,"column":4},"end":{"line":28,"column":23}},"14":{"start":{"line":30,"column":4},"end":{"line":30,"column":17}},"15":{"start":{"line":34,"column":29},"end":{"line":42,"column":1}},"16":{"start":{"line":35,"column":2},"end":{"line":41,"column":3}},"17":{"start":{"line":36,"column":19},"end":{"line":36,"column":68}},"18":{"start":{"line":37,"column":4},"end":{"line":37,"column":61}},"19":{"start":{"line":38,"column":4},"end":{"line":38,"column":23}},"20":{"start":{"line":40,"column":4},"end":{"line":40,"column":17}}},"fnMap":{"0":{"name":"(anonymous_0)","decl":{"start":{"line":8,"column":24},"end":{"line":8,"column":25}},"loc":{"start":{"line":8,"column":66},"end":{"line":22,"column":1}},"line":8},"1":{"name":"(anonymous_1)","decl":{"start":{"line":24,"column":23},"end":{"line":24,"column":24}},"loc":{"start":{"line":24,"column":37},"end":{"line":32,"column":1}},"line":24},"2":{"name":"(anonymous_2)","decl":{"start":{"line":34,"column":29},"end":{"line":34,"column":30}},"loc":{"start":{"line":34,"column":41},"end":{"line":42,"column":1}},"line":34}},"branchMap":{},"s":{"0":3,"1":3,"2":3,"3":3,"4":2,"5":2,"6":1,"7":1,"8":2,"9":3,"10":2,"11":2,"12":1,"13":1,"14":2,"15":3,"16":2,"17":2,"18":1,"19":1,"20":2},"f":{"0":2,"1":2,"2":2},"b":{},"_coverageSchema":"1a1c01bbd47fc00a2c39e90264f33305004495a9","hash":"28125771e5813f49352456362bb3fd1bda728a62"}
,"/Users/jonas/Desktop/OpenArabicApp/services/UtilityService.js": {"path":"/Users/jonas/Desktop/OpenArabicApp/services/UtilityService.js","statementMap":{"0":{"start":{"line":1,"column":24},"end":{"line":6,"column":1}},"1":{"start":{"line":2,"column":22},"end":{"line":2,"column":57}},"2":{"start":{"line":3,"column":2},"end":{"line":5,"column":18}},"3":{"start":{"line":8,"column":31},"end":{"line":14,"column":1}},"4":{"start":{"line":9,"column":34},"end":{"line":12,"column":3}},"5":{"start":{"line":13,"column":2},"end":{"line":13,"column":33}}},"fnMap":{"0":{"name":"(anonymous_0)","decl":{"start":{"line":1,"column":24},"end":{"line":1,"column":25}},"loc":{"start":{"line":1,"column":62},"end":{"line":6,"column":1}},"line":1},"1":{"name":"(anonymous_1)","decl":{"start":{"line":8,"column":31},"end":{"line":8,"column":32}},"loc":{"start":{"line":8,"column":57},"end":{"line":14,"column":1}},"line":8}},"branchMap":{"0":{"loc":{"start":{"line":3,"column":9},"end":{"line":5,"column":17}},"type":"cond-expr","locations":[{"start":{"line":4,"column":6},"end":{"line":4,"column":55}},{"start":{"line":5,"column":6},"end":{"line":5,"column":17}}],"line":3}},"s":{"0":3,"1":4,"2":4,"3":3,"4":3,"5":3},"f":{"0":4,"1":3},"b":{"0":[1,3]},"_coverageSchema":"1a1c01bbd47fc00a2c39e90264f33305004495a9","hash":"c8b3dfccf9e2259f279262e3aa3b6da4e57d62a9"}
}
