TN:
SF:App.js
FN:11,App
FN:21,(anonymous_1)
FN:31,(anonymous_2)
FNF:3
FNH:1
FNDA:1,App
FNDA:0,(anonymous_1)
FNDA:0,(anonymous_2)
DA:9,1
DA:12,1
DA:22,0
DA:32,0
LF:4
LH:2
BRF:0
BRH:0
end_of_record
TN:
SF:screens/Settings/Settings.js
FN:5,Settings
FNF:1
FNH:1
FNDA:1,Settings
DA:6,1
DA:7,1
LF:2
LH:2
BRF:0
BRH:0
end_of_record
TN:
SF:screens/Texts/TextNavigator.js
FN:9,TextNavigator
FNF:1
FNH:1
FNDA:1,TextNavigator
DA:7,2
DA:10,1
LF:2
LH:2
BRF:0
BRH:0
end_of_record
TN:
SF:screens/Texts/Text/TextArabic.js
FN:8,TextArabic
FNF:1
FNH:1
FNDA:1,TextArabic
DA:9,1
DA:11,1
LF:2
LH:2
BRF:0
BRH:0
end_of_record
TN:
SF:screens/Texts/Text/TextBilingual.js
FN:16,TextBilingual
FN:27,(anonymous_1)
FN:28,fetchData
FNF:3
FNH:0
FNDA:0,TextBilingual
FNDA:0,(anonymous_1)
FNDA:0,fetchData
DA:17,0
DA:24,0
DA:25,0
DA:27,0
DA:29,0
DA:30,0
DA:32,0
DA:35,0
DA:36,0
DA:44,0
DA:54,2
LF:11
LH:1
BRDA:35,0,0,0
BRDA:35,0,1,0
BRF:2
BRH:0
end_of_record
TN:
SF:screens/Texts/Text/TextEnglish.js
FN:8,TextEnglish
FNF:1
FNH:1
FNDA:1,TextEnglish
DA:9,1
DA:10,1
LF:2
LH:2
BRF:0
BRH:0
end_of_record
TN:
SF:screens/Texts/Text/TextScreen.js
FN:8,TextScreen
FN:19,(anonymous_1)
FNF:2
FNH:0
FNDA:0,TextScreen
FNDA:0,(anonymous_1)
DA:9,0
DA:11,0
DA:13,0
DA:19,0
DA:20,0
DA:28,0
DA:31,2
LF:7
LH:1
BRF:0
BRH:0
end_of_record
TN:
SF:screens/Texts/TextList/TextDrawer.js
FN:6,TextDrawer
FN:12,(anonymous_1)
FN:22,(anonymous_2)
FN:23,fetchData
FNF:4
FNH:2
FNDA:1,TextDrawer
FNDA:1,(anonymous_1)
FNDA:0,(anonymous_2)
FNDA:0,fetchData
DA:7,1
DA:8,1
DA:12,1
DA:13,1
DA:22,1
DA:24,0
DA:25,0
DA:27,0
DA:30,1
LF:9
LH:6
BRF:0
BRH:0
end_of_record
TN:
SF:screens/Texts/TextList/TextListScreen.js
FN:19,TextListScreen
FN:47,(anonymous_1)
FN:52,(anonymous_2)
FN:56,(anonymous_3)
FN:88,(anonymous_4)
FN:89,fetchData
FNF:6
FNH:2
FNDA:1,TextListScreen
FNDA:0,(anonymous_1)
FNDA:1,(anonymous_2)
FNDA:0,(anonymous_3)
FNDA:0,(anonymous_4)
FNDA:0,fetchData
DA:20,1
DA:21,1
DA:22,1
DA:23,1
DA:25,1
DA:47,1
DA:49,0
DA:52,1
DA:53,1
DA:57,0
DA:88,1
DA:90,0
DA:91,0
DA:92,0
DA:93,0
DA:95,0
DA:98,1
DA:99,0
DA:101,1
DA:110,2
LF:20
LH:12
BRDA:98,0,0,0
BRDA:98,0,1,1
BRF:2
BRH:1
end_of_record
TN:
SF:services/ApiService.js
FN:8,(anonymous_0)
FN:24,(anonymous_1)
FN:34,(anonymous_2)
FNF:3
FNH:3
FNDA:2,(anonymous_0)
FNDA:2,(anonymous_1)
FNDA:2,(anonymous_2)
DA:3,3
DA:5,3
DA:6,3
DA:8,3
DA:9,2
DA:10,2
DA:17,1
DA:18,1
DA:20,2
DA:24,3
DA:25,2
DA:26,2
DA:27,1
DA:28,1
DA:30,2
DA:34,3
DA:35,2
DA:36,2
DA:37,1
DA:38,1
DA:40,2
LF:21
LH:21
BRF:0
BRH:0
end_of_record
TN:
SF:services/UtilityService.js
FN:1,(anonymous_0)
FN:8,(anonymous_1)
FNF:2
FNH:2
FNDA:4,(anonymous_0)
FNDA:3,(anonymous_1)
DA:1,3
DA:2,4
DA:3,4
DA:8,3
DA:9,3
DA:13,3
LF:6
LH:6
BRDA:3,0,0,1
BRDA:3,0,1,3
BRF:2
BRH:2
end_of_record
